[2025-05-30 09:38:24,027](<module>) Filepid(C:\Material\VCProjects\electronic-queue\srv\tv\sb05.pid) exists, but the process is not started! Delete filepid
[2025-05-30 09:45:33,771](<module>) Filepid(C:\Material\VCProjects\electronic-queue\srv\tv\sb05.pid) exists, but the process is not started! Delete filepid
[2025-05-30 09:46:14,998](<module>) Filepid(C:\Material\VCProjects\electronic-queue\srv\tv\sb05.pid) exists, but the process is not started! Delete filepid
[2025-05-30 09:47:23,866](<module>) Filepid(C:\Material\VCProjects\electronic-queue\srv\tv\sb05.pid) exists, but the process is not started! Delete filepid
[2025-05-30 09:52:35,213](<module>) Filepid(C:\Material\VCProjects\electronic-queue\srv\tv\sb05.pid) exists, but the process is not started! Delete filepid
[2025-05-30 09:53:58,576](<module>) Filepid(C:\Material\VCProjects\electronic-queue\srv\tv\sb05.pid) exists, but the process is not started! Delete filepid
[2025-05-30 10:01:40,476](<module>) Filepid(C:\Material\VCProjects\electronic-queue\srv\tv\sb05.pid) exists, but the process is not started! Delete filepid
[2025-05-30 10:03:32,040](<module>) Filepid(C:\Material\VCProjects\electronic-queue\srv\tv\sb05.pid) exists, but the process is not started! Delete filepid
[2025-05-30 10:04:45,672](<module>) Filepid(C:\Material\VCProjects\electronic-queue\srv\tv\sb05.pid) exists, but the process is not started! Delete filepid
[2025-05-30 10:05:52,650](<module>) Filepid(C:\Material\VCProjects\electronic-queue\srv\tv\sb05.pid) exists, but the process is not started! Delete filepid
[2025-05-30 10:06:29,056](<module>) Filepid(C:\Material\VCProjects\electronic-queue\srv\tv\sb05.pid) exists, but the process is not started! Delete filepid
[2025-05-30 10:07:43,941](<module>) Filepid(C:\Material\VCProjects\electronic-queue\srv\tv\sb05.pid) exists, but the process is not started! Delete filepid
[2025-05-30 10:12:51,703](<module>) Filepid(C:\Material\VCProjects\electronic-queue\srv\tv\sb05.pid) exists, but the process is not started! Delete filepid
[2025-05-30 10:13:30,626](<module>) Filepid(C:\Material\VCProjects\electronic-queue\srv\tv\sb05.pid) exists, but the process is not started! Delete filepid
[2025-05-30 10:13:54,225](<module>) Filepid(C:\Material\VCProjects\electronic-queue\srv\tv\sb05.pid) exists, but the process is not started! Delete filepid
[2025-05-30 10:14:07,374](<module>) Filepid(C:\Material\VCProjects\electronic-queue\srv\tv\sb05.pid) exists, but the process is not started! Delete filepid
[2025-05-30 10:17:42,085](<module>) Filepid(C:\Material\VCProjects\electronic-queue\srv\tv\sb05.pid) exists, but the process is not started! Delete filepid
[2025-05-30 10:18:00,092](<module>) Filepid(C:\Material\VCProjects\electronic-queue\srv\tv\sb05.pid) exists, but the process is not started! Delete filepid
[2025-05-30 10:18:19,920](<module>) Filepid(C:\Material\VCProjects\electronic-queue\srv\tv\sb05.pid) exists, but the process is not started! Delete filepid
[2025-05-30 10:21:36,814](<module>) Filepid(C:\Material\VCProjects\electronic-queue\srv\tv\sb05.pid) exists, but the process is not started! Delete filepid
[2025-05-30 10:41:08,547](<module>) Filepid(C:\Material\VCProjects\electronic-queue\srv\tv\sb05.pid) exists, but the process is not started! Delete filepid
[2025-05-30 10:42:28,198](<module>) Filepid(C:\Material\VCProjects\electronic-queue\srv\tv\sb05.pid) exists, but the process is not started! Delete filepid
[2025-05-30 10:42:52,477](<module>) Filepid(C:\Material\VCProjects\electronic-queue\srv\tv\sb05.pid) exists, but the process is not started! Delete filepid
[2025-05-30 10:43:18,635](<module>) Filepid(C:\Material\VCProjects\electronic-queue\srv\tv\sb05.pid) exists, but the process is not started! Delete filepid
[2025-05-30 10:44:48,715](<module>) Filepid(C:\Material\VCProjects\electronic-queue\srv\tv\sb05.pid) exists, but the process is not started! Delete filepid
[2025-05-30 10:45:36,289](<module>) Filepid(C:\Material\VCProjects\electronic-queue\srv\tv\sb05.pid) exists, but the process is not started! Delete filepid
[2025-05-30 11:10:58,048](<module>) Filepid(C:\Material\VCProjects\electronic-queue\srv\tv\sb05.pid) exists, but the process is not started! Delete filepid
[2025-05-30 14:02:38,519](<module>) Filepid(C:\Material\VCProjects\electronic-queue\srv\tv\sb05.pid) exists, but the process is not started! Delete filepid
[2025-05-30 14:03:34,257](<module>) Filepid(C:\Material\VCProjects\electronic-queue\srv\tv\sb05.pid) exists, but the process is not started! Delete filepid
[2025-05-30 14:04:05,835](<module>) Filepid(C:\Material\VCProjects\electronic-queue\srv\tv\sb05.pid) exists, but the process is not started! Delete filepid
[2025-05-30 14:07:11,793](<module>) Filepid(C:\Material\VCProjects\electronic-queue\srv\tv\sb05.pid) exists, but the process is not started! Delete filepid
[2025-05-30 14:07:21,955](<module>) Filepid(C:\Material\VCProjects\electronic-queue\srv\tv\sb05.pid) exists, but the process is not started! Delete filepid
[2025-05-30 14:16:46,496](<module>) Filepid(C:\Material\VCProjects\electronic-queue\srv\tv\sb05.pid) exists, but the process is not started! Delete filepid
[2025-05-30 14:17:51,458](<module>) Filepid(C:\Material\VCProjects\electronic-queue\srv\tv\sb05.pid) exists, but the process is not started! Delete filepid
[2025-05-30 14:19:07,463](<module>) Filepid(C:\Material\VCProjects\electronic-queue\srv\tv\sb05.pid) exists, but the process is not started! Delete filepid
[2025-05-30 14:20:50,450](<module>) Filepid(C:\Material\VCProjects\electronic-queue\srv\tv\sb05.pid) exists, but the process is not started! Delete filepid
[2025-05-30 14:23:50,269](<module>) Filepid(C:\Material\VCProjects\electronic-queue\srv\tv\sb05.pid) exists, but the process is not started! Delete filepid
[2025-05-30 14:28:25,721](<module>) Filepid(C:\Material\VCProjects\electronic-queue\srv\tv\sb05.pid) exists, but the process is not started! Delete filepid
[2025-05-30 14:30:39,004](<module>) Filepid(C:\Material\VCProjects\electronic-queue\srv\tv\sb05.pid) exists, but the process is not started! Delete filepid
[2025-05-30 15:04:49,287](<module>) Filepid(C:\Material\VCProjects\electronic-queue\srv\tv\sb05.pid) exists, but the process is not started! Delete filepid
[2025-05-30 15:05:54,667](<module>) Filepid(C:\Material\VCProjects\electronic-queue\srv\tv\sb05.pid) exists, but the process is not started! Delete filepid
[2025-05-30 15:49:02,117](<module>) Filepid(C:\Material\VCProjects\electronic-queue\srv\tv\sb05.pid) exists, but the process is not started! Delete filepid
[2025-05-30 15:57:13,329](<module>) Filepid(C:\Material\VCProjects\electronic-queue\srv\tv\sb05.pid) exists, but the process is not started! Delete filepid
[2025-05-30 16:01:01,133](<module>) Filepid(C:\Material\VCProjects\electronic-queue\srv\tv\sb05.pid) exists, but the process is not started! Delete filepid
[2025-05-30 16:01:59,394](uiworker) 'CardCall' object has no attribute 'label_header_left'
[2025-05-30 16:03:30,142](uiworker) 'NoneType' object cannot be interpreted as an integer
[2025-05-30 16:03:56,803](<module>) Filepid(C:\Material\VCProjects\electronic-queue\srv\tv\sb05.pid) exists, but the process is not started! Delete filepid
[2025-05-30 16:03:59,915](uiworker) 'CardCall' object has no attribute 'label_header_left'
[2025-05-30 16:04:47,090](<module>) Filepid(C:\Material\VCProjects\electronic-queue\srv\tv\sb05.pid) exists, but the process is not started! Delete filepid
[2025-05-30 16:04:50,073](uiworker) 'CardCall' object has no attribute 'label_header_left'
[2025-05-30 16:06:26,057](<module>) Filepid(C:\Material\VCProjects\electronic-queue\srv\tv\sb05.pid) exists, but the process is not started! Delete filepid
[2025-05-30 16:06:29,896](uiworker) 'NoneType' object cannot be interpreted as an integer
[2025-05-30 16:09:29,682](<module>) Filepid(C:\Material\VCProjects\electronic-queue\srv\tv\sb05.pid) exists, but the process is not started! Delete filepid
[2025-05-30 16:09:39,903](uiworker) 'NoneType' object cannot be interpreted as an integer
[2025-05-30 16:10:05,265](uiworker) 'NoneType' object cannot be interpreted as an integer
[2025-05-30 16:11:06,100](<module>) Filepid(C:\Material\VCProjects\electronic-queue\srv\tv\sb05.pid) exists, but the process is not started! Delete filepid
[2025-05-30 16:11:11,091](uiworker) 'NoneType' object cannot be interpreted as an integer
[2025-05-30 16:12:52,396](<module>) Filepid(C:\Material\VCProjects\electronic-queue\srv\tv\sb05.pid) exists, but the process is not started! Delete filepid
[2025-05-30 16:12:56,150](uiworker) 'CardCall' object has no attribute 'label_header_left'
[2025-05-30 16:14:25,575](<module>) Filepid(C:\Material\VCProjects\electronic-queue\srv\tv\sb05.pid) exists, but the process is not started! Delete filepid
[2025-05-30 16:14:29,926](uiworker) 'CardCall' object has no attribute 'label_header_left'
[2025-05-30 16:15:55,979](<module>) Filepid(C:\Material\VCProjects\electronic-queue\srv\tv\sb05.pid) exists, but the process is not started! Delete filepid
[2025-05-30 16:15:59,423](uiworker) 'CardCall' object has no attribute 'label_header_left'
[2025-05-30 16:19:41,486](<module>) Filepid(C:\Material\VCProjects\electronic-queue\srv\tv\sb05.pid) exists, but the process is not started! Delete filepid
[2025-05-30 16:19:46,617](uiworker) 'CardCall' object has no attribute 'label_header_left'
[2025-05-30 16:20:02,627](uiworker) 'NoneType' object cannot be interpreted as an integer
[2025-05-30 16:20:31,305](<module>) Filepid(C:\Material\VCProjects\electronic-queue\srv\tv\sb05.pid) exists, but the process is not started! Delete filepid
[2025-05-30 16:20:34,060](uiworker) 'CardCall' object has no attribute 'label_header_left'
[2025-05-30 16:22:22,795](<module>) Filepid(C:\Material\VCProjects\electronic-queue\srv\tv\sb05.pid) exists, but the process is not started! Delete filepid
[2025-05-30 16:22:26,264](uiworker) 'CardCall' object has no attribute 'label_header_left'
[2025-05-30 16:23:42,744](<module>) Filepid(C:\Material\VCProjects\electronic-queue\srv\tv\sb05.pid) exists, but the process is not started! Delete filepid
[2025-05-30 16:23:46,011](uiworker) 'CardCall' object has no attribute 'label_header_left'
[2025-05-30 16:25:56,469](<module>) Filepid(C:\Material\VCProjects\electronic-queue\srv\tv\sb05.pid) exists, but the process is not started! Delete filepid
[2025-05-30 16:26:04,870](uiworker) 'dict' object has no attribute 'put_to_row'
[2025-05-30 16:27:56,373](<module>) Filepid(C:\Material\VCProjects\electronic-queue\srv\tv\sb05.pid) exists, but the process is not started! Delete filepid
[2025-05-30 16:28:21,071](<module>) Filepid(C:\Material\VCProjects\electronic-queue\srv\tv\sb05.pid) exists, but the process is not started! Delete filepid
[2025-05-30 16:56:22,687](<module>) Filepid(C:\Material\VCProjects\electronic-queue\srv\tv\sb05.pid) exists, but the process is not started! Delete filepid
[2025-05-30 16:56:27,333](uiworker) unknown color name ""
[2025-05-30 16:58:44,161](<module>) Filepid(C:\Material\VCProjects\electronic-queue\srv\tv\sb05.pid) exists, but the process is not started! Delete filepid
[2025-05-30 16:58:46,261](uiworker) unknown color name ""
[2025-05-30 16:59:19,216](<module>) Filepid(C:\Material\VCProjects\electronic-queue\srv\tv\sb05.pid) exists, but the process is not started! Delete filepid
[2025-05-30 16:59:20,976](uiworker) unknown color name ""
[2025-05-30 16:59:30,008](<module>) Filepid(C:\Material\VCProjects\electronic-queue\srv\tv\sb05.pid) exists, but the process is not started! Delete filepid
[2025-05-30 16:59:32,658](uiworker) unknown color name ""
[2025-05-30 17:00:01,044](<module>) Filepid(C:\Material\VCProjects\electronic-queue\srv\tv\sb05.pid) exists, but the process is not started! Delete filepid
[2025-05-30 17:00:03,059](uiworker) unknown color name ""
[2025-05-30 17:12:25,532](<module>) Filepid(C:\Material\VCProjects\electronic-queue\srv\tv\sb05.pid) exists, but the process is not started! Delete filepid
[2025-05-30 17:12:30,855](uiworker) unknown color name ""
[2025-05-30 17:13:58,294](<module>) Filepid(C:\Material\VCProjects\electronic-queue\srv\tv\sb05.pid) exists, but the process is not started! Delete filepid
[2025-05-30 17:14:12,158](uiworker) unknown color name ""
[2025-05-30 17:15:36,497](<module>) Filepid(C:\Material\VCProjects\electronic-queue\srv\tv\sb05.pid) exists, but the process is not started! Delete filepid
[2025-05-30 17:15:40,905](uiworker) unknown color name ""
[2025-05-30 17:16:40,757](<module>) Filepid(C:\Material\VCProjects\electronic-queue\srv\tv\sb05.pid) exists, but the process is not started! Delete filepid
[2025-05-30 17:16:44,286](uiworker) unknown color name ""
[2025-05-30 17:20:28,892](<module>) Filepid(C:\Material\VCProjects\electronic-queue\srv\tv\sb05.pid) exists, but the process is not started! Delete filepid
[2025-05-30 17:20:31,751](uiworker) unknown color name ""
[2025-05-30 17:22:17,515](<module>) Filepid(C:\Material\VCProjects\electronic-queue\srv\tv\sb05.pid) exists, but the process is not started! Delete filepid
[2025-05-30 17:22:19,172](uiworker) unknown color name ""
[2025-05-30 17:23:33,500](<module>) Filepid(C:\Material\VCProjects\electronic-queue\srv\tv\sb05.pid) exists, but the process is not started! Delete filepid
[2025-05-30 17:29:16,085](<module>) Filepid(C:\Material\VCProjects\electronic-queue\srv\tv\sb05.pid) exists, but the process is not started! Delete filepid
[2025-05-30 17:29:38,805](<module>) Filepid(C:\Material\VCProjects\electronic-queue\srv\tv\sb05.pid) exists, but the process is not started! Delete filepid
[2025-05-30 17:37:01,507](<module>) Filepid(C:\Material\VCProjects\electronic-queue\srv\tv\sb05.pid) exists, but the process is not started! Delete filepid
[2025-05-30 17:38:20,553](<module>) Filepid(C:\Material\VCProjects\electronic-queue\srv\tv\sb05.pid) exists, but the process is not started! Delete filepid
[2025-05-30 17:40:51,037](<module>) Filepid(C:\Material\VCProjects\electronic-queue\srv\tv\sb05.pid) exists, but the process is not started! Delete filepid
[2025-05-30 17:51:12,696](<module>) Filepid(C:\Material\VCProjects\electronic-queue\srv\tv\sb05.pid) exists, but the process is not started! Delete filepid
